This is pdfTeX, Version 3.14159265-2.6-1.40.21 (TeX Live 2020) (preloaded format=pdflatex 2021.2.14)  12 JUN 2021 22:27
entering extended mode
 restricted \write18 enabled.
 %&-line parsing enabled.
**plots.tex
(./plots.tex
LaTeX2e <2020-02-02> patch level 5
L3 programming layer <2020-04-06>
(/usr/share/texlive/texmf-dist/tex/latex/base/article.cls
Document Class: article 2019/12/20 v1.4l Standard LaTeX document class
(/usr/share/texlive/texmf-dist/tex/latex/base/size10.clo
File: size10.clo 2019/12/20 v1.4l Standard LaTeX file (size option)
)
\c@part=\count167
\c@section=\count168
\c@subsection=\count169
\c@subsubsection=\count170
\c@paragraph=\count171
\c@subparagraph=\count172
\c@figure=\count173
\c@table=\count174
\abovecaptionskip=\skip47
\belowcaptionskip=\skip48
\bibindent=\dimen134
)
(/usr/share/texlive/texmf-dist/tex/latex/base/inputenc.sty
Package: inputenc 2018/08/11 v1.3c Input encoding file
\inpenc@prehook=\toks15
\inpenc@posthook=\toks16
)
(/usr/share/texlive/texmf-dist/tex/latex/geometry/geometry.sty
Package: geometry 2020/01/02 v5.9 Page Geometry

(/usr/share/texlive/texmf-dist/tex/latex/graphics/keyval.sty
Package: keyval 2014/10/28 v1.15 key=value parser (DPC)
\KV@toks@=\toks17
)
(/usr/share/texlive/texmf-dist/tex/generic/iftex/ifvtex.sty
Package: ifvtex 2019/10/25 v1.7 ifvtex legacy package. Use iftex instead.

(/usr/share/texlive/texmf-dist/tex/generic/iftex/iftex.sty
Package: iftex 2020/03/06 v1.0d TeX engine tests
))
\Gm@cnth=\count175
\Gm@cntv=\count176
\c@Gm@tempcnt=\count177
\Gm@bindingoffset=\dimen135
\Gm@wd@mp=\dimen136
\Gm@odd@mp=\dimen137
\Gm@even@mp=\dimen138
\Gm@layoutwidth=\dimen139
\Gm@layoutheight=\dimen140
\Gm@layouthoffset=\dimen141
\Gm@layoutvoffset=\dimen142
\Gm@dimlist=\toks18
)
(/usr/share/texlive/texmf-dist/tex/latex/graphics/graphicx.sty
Package: graphicx 2019/11/30 v1.2a Enhanced LaTeX Graphics (DPC,SPQR)

(/usr/share/texlive/texmf-dist/tex/latex/graphics/graphics.sty
Package: graphics 2019/11/30 v1.4a Standard LaTeX Graphics (DPC,SPQR)

(/usr/share/texlive/texmf-dist/tex/latex/graphics/trig.sty
Package: trig 2016/01/03 v1.10 sin cos tan (DPC)
)
(/usr/share/texlive/texmf-dist/tex/latex/graphics-cfg/graphics.cfg
File: graphics.cfg 2016/06/04 v1.11 sample graphics configuration
)
Package graphics Info: Driver file: pdftex.def on input line 105.

(/usr/share/texlive/texmf-dist/tex/latex/graphics-def/pdftex.def
File: pdftex.def 2018/01/08 v1.0l Graphics/color driver for pdftex
))
\Gin@req@height=\dimen143
\Gin@req@width=\dimen144
)
(/usr/share/texlive/texmf-dist/tex/latex/caption/caption.sty
Package: caption 2020/01/03 v3.4h Customizing captions (AR)

(/usr/share/texlive/texmf-dist/tex/latex/caption/caption3.sty
Package: caption3 2020/01/03 v1.8h caption3 kernel (AR)
Package caption3 Info: TeX engine: e-TeX on input line 61.
\captionmargin=\dimen145
\captionmargin@=\dimen146
\captionwidth=\dimen147
\caption@tempdima=\dimen148
\caption@indent=\dimen149
\caption@parindent=\dimen150
\caption@hangindent=\dimen151
Package caption Info: Standard document class detected.
)
\c@caption@flags=\count178
\c@continuedfloat=\count179
)
(/usr/share/texlive/texmf-dist/tex/latex/l3backend/l3backend-pdfmode.def
File: l3backend-pdfmode.def 2020-03-12 L3 backend support: PDF mode
\l__kernel_color_stack_int=\count180
\l__pdf_internal_box=\box45
)
(./plots.aux)
\openout1 = `plots.aux'.

LaTeX Font Info:    Checking defaults for OML/cmm/m/it on input line 10.
LaTeX Font Info:    ... okay on input line 10.
LaTeX Font Info:    Checking defaults for OMS/cmsy/m/n on input line 10.
LaTeX Font Info:    ... okay on input line 10.
LaTeX Font Info:    Checking defaults for OT1/cmr/m/n on input line 10.
LaTeX Font Info:    ... okay on input line 10.
LaTeX Font Info:    Checking defaults for T1/cmr/m/n on input line 10.
LaTeX Font Info:    ... okay on input line 10.
LaTeX Font Info:    Checking defaults for TS1/cmr/m/n on input line 10.
LaTeX Font Info:    ... okay on input line 10.
LaTeX Font Info:    Checking defaults for OMX/cmex/m/n on input line 10.
LaTeX Font Info:    ... okay on input line 10.
LaTeX Font Info:    Checking defaults for U/cmr/m/n on input line 10.
LaTeX Font Info:    ... okay on input line 10.

*geometry* driver: auto-detecting
*geometry* detected driver: pdftex
*geometry* verbose mode - [ preamble ] result:
* driver: pdftex
* paper: <default>
* layout: <same size as paper>
* layoutoffset:(h,v)=(0.0pt,0.0pt)
* modes: landscape 
* h-part:(L,W,R)=(36.135pt, 722.7pt, 36.135pt)
* v-part:(T,H,B)=(14.45398pt, 578.15999pt, 21.68103pt)
* \paperwidth=794.96999pt
* \paperheight=614.295pt
* \textwidth=722.7pt
* \textheight=578.15999pt
* \oddsidemargin=-36.135pt
* \evensidemargin=-36.135pt
* \topmargin=-94.81601pt
* \headheight=12.0pt
* \headsep=25.0pt
* \topskip=10.0pt
* \footskip=30.0pt
* \marginparwidth=4.0pt
* \marginparsep=10.0pt
* \columnsep=36.135pt
* \skip\footins=9.0pt plus 4.0pt minus 2.0pt
* \hoffset=0.0pt
* \voffset=0.0pt
* \mag=1000
* \@twocolumntrue
* \@twosidefalse
* \@mparswitchfalse
* \@reversemarginfalse
* (1in=72.27pt=25.4mm, 1cm=28.453pt)

(/usr/share/texlive/texmf-dist/tex/context/base/mkii/supp-pdf.mkii
[Loading MPS to PDF converter (version 2006.09.02).]
\scratchcounter=\count181
\scratchdimen=\dimen152
\scratchbox=\box46
\nofMPsegments=\count182
\nofMParguments=\count183
\everyMPshowfont=\toks19
\MPscratchCnt=\count184
\MPscratchDim=\dimen153
\MPnumerator=\count185
\makeMPintoPDFobject=\count186
\everyMPtoPDFconversion=\toks20
) (/usr/share/texlive/texmf-dist/tex/latex/epstopdf-pkg/epstopdf-base.sty
Package: epstopdf-base 2020-01-24 v2.11 Base part for package epstopdf
Package epstopdf-base Info: Redefining graphics rule for `.eps' on input line 4
85.

(/usr/share/texlive/texmf-dist/tex/latex/latexconfig/epstopdf-sys.cfg
File: epstopdf-sys.cfg 2010/07/13 v1.3 Configuration of (r)epstopdf for TeX Liv
e
))
Package caption Info: Begin \AtBeginDocument code.
Package caption Info: End \AtBeginDocument code.
<./Stellar_mass.png, id=1, 340.27126pt x 466.29207pt>
File: ./Stellar_mass.png Graphic file (type png)
<use ./Stellar_mass.png>
Package pdftex.def Info: ./Stellar_mass.png  used on input line 14.
(pdftex.def)             Requested size: 343.2825pt x 470.44609pt.
<./Halo_mass.png, id=3, 340.27126pt x 466.29207pt>
File: ./Halo_mass.png Graphic file (type png)
<use ./Halo_mass.png>
Package pdftex.def Info: ./Halo_mass.png  used on input line 20.
(pdftex.def)             Requested size: 343.2825pt x 470.44609pt.
<./BH_mass.png, id=4, 333.04425pt x 466.29207pt>
File: ./BH_mass.png Graphic file (type png)
<use ./BH_mass.png>
Package pdftex.def Info: ./BH_mass.png  used on input line 26.
(pdftex.def)             Requested size: 343.2825pt x 480.64194pt.
<./subhalo_peculiar_velocity.png, id=5, 341.32518pt x 466.29207pt>
File: ./subhalo_peculiar_velocity.png Graphic file (type png)
<use ./subhalo_peculiar_velocity.png>
Package pdftex.def Info: ./subhalo_peculiar_velocity.png  used on input line 32
.
(pdftex.def)             Requested size: 343.2825pt x 468.9804pt.
<./SFR.png, id=6, 341.47575pt x 466.29207pt>
File: ./SFR.png Graphic file (type png)
<use ./SFR.png>
Package pdftex.def Info: ./SFR.png  used on input line 38.
(pdftex.def)             Requested size: 343.2825pt x 468.76695pt.
<./sSFR.png, id=7, 340.8735pt x 466.29207pt>
File: ./sSFR.png Graphic file (type png)
<use ./sSFR.png>
Package pdftex.def Info: ./sSFR.png  used on input line 44.
(pdftex.def)             Requested size: 343.2825pt x 469.62076pt.

[1{/usr/share/texlive/texmf-dist/fonts/map/pdftex/updmap/pdftex.map} <./Stellar
_mass.png> <./Halo_mass.png>] [2 <./BH_mass.png> <./subhalo_peculiar_velocity.p
ng>] [3 <./SFR.png> <./sSFR.png>] (./plots.aux) ) 
Here is how much of TeX's memory you used:
 2806 strings out of 482555
 45109 string characters out of 5952145
 281294 words of memory out of 5000000
 18467 multiletter control sequences out of 15000+600000
 532943 words of font info for 26 fonts, out of 8000000 for 9000
 14 hyphenation exceptions out of 8191
 41i,5n,42p,227b,335s stack positions out of 5000i,500n,10000p,200000b,80000s
</usr/share/texlive/texmf-dist
/fonts/type1/public/amsfonts/cm/cmbx12.pfb></usr/share/texlive/texmf-dist/fonts
/type1/public/amsfonts/cm/cmr10.pfb></usr/share/texlive/texmf-dist/fonts/type1/
public/amsfonts/cm/cmr12.pfb>
Output written on plots.pdf (3 pages, 1771547 bytes).
PDF statistics:
 39 PDF objects out of 1000 (max. 8388607)
 18 compressed objects within 1 object stream
 0 named destinations out of 1000 (max. 500000)
 31 words of extra memory for PDF output out of 10000 (max. 10000000)

